{
  "RSpec": {
    "coverage": {
      "/Users/miriam/Desktop/Turing/module_3/delistcious/app/helpers/application_helper.rb": [
        1,
        1,
        null,
        null,
        null,
        25,
        null,
        null,
        1,
        62,
        25,
        25,
        25,
        25,
        null,
        25,
        null,
        null,
        null,
        null,
        null
      ],
      "/Users/miriam/Desktop/Turing/module_3/delistcious/app/mailers/user_mailer.rb": [
        1,
        1,
        4,
        4,
        null,
        null,
        1,
        1,
        1,
        null,
        null
      ],
      "/Users/miriam/Desktop/Turing/module_3/delistcious/app/mailers/application_mailer.rb": [
        1,
        1,
        1,
        null
      ],
      "/Users/miriam/Desktop/Turing/module_3/delistcious/app/models/user.rb": [
        1,
        1,
        null,
        1,
        1,
        null,
        1,
        1,
        null,
        1,
        1,
        null,
        1,
        1,
        null,
        1,
        null,
        20,
        1,
        1,
        1,
        1,
        null,
        1,
        3,
        null,
        null,
        3,
        3,
        3,
        3,
        3,
        3,
        3,
        null,
        3,
        null,
        null,
        1,
        0,
        null,
        null,
        1,
        null,
        1,
        0,
        null,
        null
      ],
      "/Users/miriam/Desktop/Turing/module_3/delistcious/app/models/allergy.rb": [
        1,
        1,
        1,
        null,
        1,
        null
      ],
      "/Users/miriam/Desktop/Turing/module_3/delistcious/app/models/banned_food.rb": [
        1,
        1,
        1,
        null,
        1,
        null,
        1,
        1,
        null,
        1,
        5,
        null,
        null,
        1,
        5,
        null,
        null
      ],
      "/Users/miriam/Desktop/Turing/module_3/delistcious/app/models/cuisine.rb": [
        1,
        1,
        1,
        null,
        1,
        null
      ],
      "/Users/miriam/Desktop/Turing/module_3/delistcious/app/models/diet.rb": [
        1,
        1,
        1,
        null,
        1,
        null
      ],
      "/Users/miriam/Desktop/Turing/module_3/delistcious/app/models/meal.rb": [
        1,
        1,
        1,
        null,
        1,
        null,
        1,
        1,
        null,
        null,
        1,
        1,
        10,
        null,
        null,
        null,
        1,
        1,
        null,
        null,
        1,
        1,
        null,
        1,
        1,
        null,
        null,
        null,
        null,
        null,
        null,
        1,
        6,
        null,
        null,
        null,
        null
      ],
      "/Users/miriam/Desktop/Turing/module_3/delistcious/app/controllers/sessions_controller.rb": [
        1,
        1,
        null,
        null,
        1,
        14,
        11,
        null,
        3,
        null,
        null,
        null,
        1,
        1,
        1,
        null,
        null,
        1,
        null,
        1,
        3,
        3,
        3,
        3,
        null,
        null,
        1,
        9,
        null,
        null,
        1,
        11,
        0,
        0,
        11,
        9,
        null,
        2,
        2,
        null,
        null,
        null,
        1,
        11,
        11,
        null,
        null,
        1,
        11,
        11,
        null,
        null,
        1,
        3,
        null,
        null,
        null
      ],
      "/Users/miriam/Desktop/Turing/module_3/delistcious/app/controllers/application_controller.rb": [
        1,
        null,
        null,
        1,
        null,
        1,
        112,
        null,
        1,
        null,
        1,
        13,
        13,
        null,
        1,
        null
      ],
      "/Users/miriam/Desktop/Turing/module_3/delistcious/app/models/current_user.rb": [
        1,
        1,
        null,
        1,
        67,
        null,
        null,
        1,
        62,
        null,
        null,
        null,
        null,
        null,
        null,
        null,
        null,
        null,
        null,
        null,
        null,
        null,
        1,
        19,
        null,
        null,
        1,
        6,
        null,
        null,
        1,
        1,
        null,
        null,
        1,
        14,
        null,
        null,
        1,
        7,
        null,
        null,
        1,
        10,
        null,
        null,
        1,
        52,
        null,
        null,
        1,
        2,
        null,
        null
      ],
      "/Users/miriam/Desktop/Turing/module_3/delistcious/app/models/guest.rb": [
        1,
        1,
        36,
        null,
        null,
        1,
        null,
        null,
        null
      ],
      "/Users/miriam/Desktop/Turing/module_3/delistcious/app/controllers/meals_controller.rb": [
        1,
        1,
        1,
        1,
        null,
        null,
        1,
        18,
        18,
        18,
        18,
        null,
        null,
        1,
        1,
        1,
        1,
        null,
        1,
        null,
        1,
        null,
        null,
        1,
        null,
        1,
        1,
        null,
        null,
        1,
        1,
        1,
        6,
        null,
        1,
        null,
        null
      ],
      "/Users/miriam/Desktop/Turing/module_3/delistcious/app/models/user_banned_food.rb": [
        1,
        1,
        1,
        null
      ],
      "/Users/miriam/Desktop/Turing/module_3/delistcious/app/controllers/allergies_controller.rb": [
        1,
        1,
        1,
        1,
        0,
        null,
        null,
        1,
        0,
        null,
        null
      ],
      "/Users/miriam/Desktop/Turing/module_3/delistcious/app/models/user_allergy.rb": [
        1,
        1,
        1,
        null
      ],
      "/Users/miriam/Desktop/Turing/module_3/delistcious/app/controllers/users_controller.rb": [
        1,
        1,
        null,
        null,
        1,
        4,
        null,
        null,
        1,
        8,
        8,
        1,
        1,
        7,
        1,
        1,
        null,
        6,
        6,
        null,
        null,
        null,
        1,
        2,
        1,
        1,
        null,
        1,
        1,
        null,
        null,
        null,
        1,
        4,
        1,
        1,
        null,
        null,
        null,
        1,
        null,
        1,
        10,
        null,
        null
      ],
      "/Users/miriam/Desktop/Turing/module_3/delistcious/app/models/meal_service.rb": [
        1,
        1,
        null,
        1,
        1,
        1,
        1,
        null,
        null,
        1,
        1,
        1,
        1,
        1,
        1,
        null,
        null,
        1,
        null,
        null,
        1,
        1,
        null,
        null,
        1,
        0,
        null,
        null,
        1,
        0,
        null,
        null,
        null
      ],
      "/Users/miriam/Desktop/Turing/module_3/delistcious/app/models/ingredient.rb": [
        1,
        1,
        null
      ],
      "/Users/miriam/Desktop/Turing/module_3/delistcious/app/controllers/home_controller.rb": [
        1,
        1,
        null,
        null,
        null
      ],
      "/Users/miriam/Desktop/Turing/module_3/delistcious/app/models/user_cuisine.rb": [
        1,
        1,
        1,
        null
      ],
      "/Users/miriam/Desktop/Turing/module_3/delistcious/app/models/user_diet.rb": [
        1,
        1,
        1,
        null
      ]
    },
    "timestamp": 1430628017
  }
}
