{
  "RSpec": {
    "coverage": {
      "/Users/miriam/Desktop/Turing/module_3/delistcious/app/helpers/application_helper.rb": [
        1,
        1,
        null,
        null,
        null,
        2,
        null,
        null,
        1,
        7,
        2,
        2,
        2,
        2,
        null,
        2,
        null,
        null,
        null,
        null,
        null
      ],
      "/Users/miriam/Desktop/Turing/module_3/delistcious/app/models/allergy.rb": [
        1,
        1,
        1,
        null,
        1,
        null
      ],
      "/Users/miriam/Desktop/Turing/module_3/delistcious/app/models/user.rb": [
        1,
        1,
        null,
        1,
        1,
        null,
        1,
        1,
        null,
        1,
        1,
        null,
        4,
        1,
        1,
        1,
        1,
        null,
        1,
        null,
        0,
        null,
        null,
        0,
        0,
        0,
        0,
        0,
        0,
        0,
        null,
        0,
        null,
        null,
        1,
        0,
        null,
        null,
        1,
        null,
        1,
        0,
        null,
        null,
        null
      ],
      "/Users/miriam/Desktop/Turing/module_3/delistcious/app/controllers/sessions_controller.rb": [
        1,
        1,
        null,
        null,
        1,
        2,
        2,
        null,
        0,
        null,
        null,
        null,
        1,
        0,
        0,
        null,
        null,
        1,
        null,
        1,
        0,
        0,
        0,
        0,
        null,
        null,
        1,
        0,
        null,
        null,
        1,
        2,
        0,
        0,
        2,
        2,
        null,
        0,
        0,
        null,
        null,
        null,
        1,
        2,
        2,
        null,
        null,
        1,
        2,
        2,
        null,
        null,
        1,
        0,
        null,
        null,
        null
      ],
      "/Users/miriam/Desktop/Turing/module_3/delistcious/app/controllers/application_controller.rb": [
        1,
        null,
        null,
        1,
        null,
        1,
        22,
        null,
        1,
        null,
        1,
        2,
        2,
        null,
        1,
        null
      ],
      "/Users/miriam/Desktop/Turing/module_3/delistcious/app/controllers/users_controller.rb": [
        1,
        1,
        null,
        null,
        1,
        0,
        null,
        null,
        1,
        0,
        0,
        0,
        0,
        0,
        0,
        0,
        null,
        0,
        0,
        null,
        null,
        null,
        1,
        0,
        0,
        0,
        null,
        0,
        0,
        null,
        null,
        null,
        1,
        2,
        0,
        0,
        null,
        null,
        null,
        1,
        null,
        1,
        0,
        null,
        null
      ],
      "/Users/miriam/Desktop/Turing/module_3/delistcious/app/controllers/meals_controller.rb": [
        1,
        1,
        null,
        null,
        1,
        3,
        3,
        3,
        null,
        null
      ],
      "/Users/miriam/Desktop/Turing/module_3/delistcious/app/models/user_banned_food.rb": [
        1,
        1,
        1,
        null
      ],
      "/Users/miriam/Desktop/Turing/module_3/delistcious/app/models/banned_food.rb": [
        1,
        1,
        1,
        null,
        1,
        null,
        1,
        1,
        null,
        1,
        0,
        null,
        null,
        1,
        0,
        null,
        null
      ],
      "/Users/miriam/Desktop/Turing/module_3/delistcious/app/models/diet.rb": [
        1,
        1,
        1,
        null,
        1,
        null
      ]
    },
    "timestamp": 1430284640
  }
}
